<?xml version="1.0" encoding="UTF-8"?>
<!-- Generated by org.testng.reporters.JUnitReportReporter -->
<testsuite hostname="LAPTOP-G5CR1DOJ" failures="0" tests="2" name="testpkg.TestClass" time="15.132" errors="0" timestamp="2021-12-16T00:25:06 IST" skipped="0">
  <testcase classname="testpkg.TestClass" name="test1" time="11.182"/>
  <system-out/>
  <testcase classname="testpkg.TestClass" name="test2" time="3.950"/>
  <system-out/>
</testsuite> <!-- testpkg.TestClass -->
